This file contains any messages produced by compilers while
running configure, to aid debugging if configure makes a mistake.

It was created by dlib configure 1.0, which was
generated by GNU Autoconf 2.69.  Invocation command line was

  $ ./configure --host=

## --------- ##
## Platform. ##
## --------- ##

hostname = raspberrypi
uname -m = aarch64
uname -r = 6.6.40-v8+
uname -s = Linux
uname -v = #1784 SMP PREEMPT Tue Jul 16 13:53:31 BST 2024

/usr/bin/uname -p = unknown
/bin/uname -X     = unknown

/bin/arch              = aarch64
/usr/bin/arch -k       = unknown
/usr/convex/getsysinfo = unknown
/usr/bin/hostinfo      = unknown
/bin/machine           = unknown
/usr/bin/oslevel       = unknown
/bin/universe          = unknown

PATH: /usr/local/sbin
PATH: /usr/local/bin
PATH: /usr/sbin
PATH: /usr/bin
PATH: /sbin
PATH: /bin


## ----------- ##
## Core tests. ##
## ----------- ##

configure:2210: checking for gcc
configure:2226: found /usr/bin/gcc
configure:2237: result: gcc
configure:2466: checking for C compiler version
configure:2475: gcc --version >&5
gcc (Debian 12.2.0-14) 12.2.0
Copyright (C) 2022 Free Software Foundation, Inc.
This is free software; see the source for copying conditions.  There is NO
warranty; not even for MERCHANTABILITY or FITNESS FOR A PARTICULAR PURPOSE.

configure:2486: $? = 0
configure:2475: gcc -v >&5
Using built-in specs.
COLLECT_GCC=gcc
COLLECT_LTO_WRAPPER=/usr/lib/gcc/aarch64-linux-gnu/12/lto-wrapper
Target: aarch64-linux-gnu
Configured with: ../src/configure -v --with-pkgversion='Debian 12.2.0-14' --with-bugurl=file:///usr/share/doc/gcc-12/README.Bugs --enable-languages=c,ada,c++,go,d,fortran,objc,obj-c++,m2 --prefix=/usr --with-gcc-major-version-only --program-suffix=-12 --program-prefix=aarch64-linux-gnu- --enable-shared --enable-linker-build-id --libexecdir=/usr/lib --without-included-gettext --enable-threads=posix --libdir=/usr/lib --enable-nls --enable-clocale=gnu --enable-libstdcxx-debug --enable-libstdcxx-time=yes --with-default-libstdcxx-abi=new --enable-gnu-unique-object --disable-libquadmath --disable-libquadmath-support --enable-plugin --enable-default-pie --with-system-zlib --enable-libphobos-checking=release --with-target-system-zlib=auto --enable-objc-gc=auto --enable-multiarch --enable-fix-cortex-a53-843419 --disable-werror --enable-checking=release --build=aarch64-linux-gnu --host=aarch64-linux-gnu --target=aarch64-linux-gnu
Thread model: posix
Supported LTO compression algorithms: zlib zstd
gcc version 12.2.0 (Debian 12.2.0-14) 
configure:2486: $? = 0
configure:2475: gcc -V >&5
gcc: error: unrecognized command-line option '-V'
gcc: fatal error: no input files
compilation terminated.
configure:2486: $? = 1
configure:2475: gcc -qversion >&5
gcc: error: unrecognized command-line option '-qversion'; did you mean '--version'?
gcc: fatal error: no input files
compilation terminated.
configure:2486: $? = 1
configure:2506: checking whether the C compiler works
configure:2528: gcc    conftest.c  >&5
configure:2532: $? = 0
configure:2580: result: yes
configure:2583: checking for C compiler default output file name
configure:2585: result: a.out
configure:2591: checking for suffix of executables
configure:2598: gcc -o conftest    conftest.c  >&5
configure:2602: $? = 0
configure:2624: result: 
configure:2646: checking whether we are cross compiling
configure:2654: gcc -o conftest    conftest.c  >&5
configure:2658: $? = 0
configure:2665: ./conftest
configure:2669: $? = 0
configure:2684: result: no
configure:2689: checking for suffix of object files
configure:2711: gcc -c   conftest.c >&5
configure:2715: $? = 0
configure:2736: result: o
configure:2740: checking whether we are using the GNU C compiler
configure:2759: gcc -c   conftest.c >&5
configure:2759: $? = 0
configure:2768: result: yes
configure:2777: checking whether gcc accepts -g
configure:2797: gcc -c -g  conftest.c >&5
configure:2797: $? = 0
configure:2838: result: yes
configure:2855: checking for gcc option to accept ISO C89
configure:2918: gcc  -c -g -O2  conftest.c >&5
configure:2918: $? = 0
configure:2931: result: none needed
configure:2951: checking whether make sets $(MAKE)
configure:2973: result: yes
configure:2997: checking for special C compiler options needed for large files
configure:3042: result: no
configure:3048: checking for _FILE_OFFSET_BITS value needed for large files
configure:3073: gcc -c -g -O2  conftest.c >&5
configure:3073: $? = 0
configure:3105: result: no
configure:3196: checking for socket in -lsocket
configure:3221: gcc -o conftest -g -O2 -Wall -W   conftest.c -lsocket   >&5
/usr/bin/ld: cannot find -lsocket: No such file or directory
collect2: error: ld returned 1 exit status
configure:3221: $? = 1
configure: failed program was:
| /* confdefs.h */
| #define PACKAGE_NAME "dlib"
| #define PACKAGE_TARNAME "dlib"
| #define PACKAGE_VERSION "1.0"
| #define PACKAGE_STRING "dlib 1.0"
| #define PACKAGE_BUGREPORT "<deanjones@cleancode.org>"
| #define PACKAGE_URL ""
| /* end confdefs.h.  */
| 
| /* Override any GCC internal prototype to avoid an error.
|    Use char because int might match the return type of a GCC
|    builtin and then its argument prototype would still apply.  */
| #ifdef __cplusplus
| extern "C"
| #endif
| char socket ();
| int
| main ()
| {
| return socket ();
|   ;
|   return 0;
| }
configure:3230: result: no
configure:3241: checking for sqrt in -lm
configure:3266: gcc -o conftest -g -O2 -Wall -W   conftest.c -lm   >&5
conftest.c:16:6: warning: conflicting types for built-in function 'sqrt'; expected 'double(double)' [-Wbuiltin-declaration-mismatch]
   16 | char sqrt ();
      |      ^~~~
conftest.c:1:1: note: 'sqrt' is declared in header '<math.h>'
    1 | /* confdefs.h */
configure:3266: $? = 0
configure:3275: result: yes
configure:3286: checking for gethostbyname in -lnsl
configure:3311: gcc -o conftest -g -O2 -Wall -W   conftest.c -lnsl  -lm  >&5
configure:3311: $? = 0
configure:3320: result: yes
configure:3332: checking for SSL_CTX_new in -lssl
configure:3357: gcc -o conftest -g -O2 -Wall -W   conftest.c -lssl  -lnsl -lm  >&5
/usr/bin/ld: cannot find -lssl: No such file or directory
collect2: error: ld returned 1 exit status
configure:3357: $? = 1
configure: failed program was:
| /* confdefs.h */
| #define PACKAGE_NAME "dlib"
| #define PACKAGE_TARNAME "dlib"
| #define PACKAGE_VERSION "1.0"
| #define PACKAGE_STRING "dlib 1.0"
| #define PACKAGE_BUGREPORT "<deanjones@cleancode.org>"
| #define PACKAGE_URL ""
| #define HAVE_LIBM 1
| #define HAVE_LIBNSL 1
| /* end confdefs.h.  */
| 
| /* Override any GCC internal prototype to avoid an error.
|    Use char because int might match the return type of a GCC
|    builtin and then its argument prototype would still apply.  */
| #ifdef __cplusplus
| extern "C"
| #endif
| char SSL_CTX_new ();
| int
| main ()
| {
| return SSL_CTX_new ();
|   ;
|   return 0;
| }
configure:3366: result: no
configure:3377: checking for X509_free in -lcrypto
configure:3402: gcc -o conftest -g -O2 -Wall -W   conftest.c -lcrypto  -lnsl -lm  >&5
/usr/bin/ld: cannot find -lcrypto: No such file or directory
collect2: error: ld returned 1 exit status
configure:3402: $? = 1
configure: failed program was:
| /* confdefs.h */
| #define PACKAGE_NAME "dlib"
| #define PACKAGE_TARNAME "dlib"
| #define PACKAGE_VERSION "1.0"
| #define PACKAGE_STRING "dlib 1.0"
| #define PACKAGE_BUGREPORT "<deanjones@cleancode.org>"
| #define PACKAGE_URL ""
| #define HAVE_LIBM 1
| #define HAVE_LIBNSL 1
| /* end confdefs.h.  */
| 
| /* Override any GCC internal prototype to avoid an error.
|    Use char because int might match the return type of a GCC
|    builtin and then its argument prototype would still apply.  */
| #ifdef __cplusplus
| extern "C"
| #endif
| char X509_free ();
| int
| main ()
| {
| return X509_free ();
|   ;
|   return 0;
| }
configure:3411: result: no
configure:3422: checking for RAND_seed in -lcrypto
configure:3447: gcc -o conftest -g -O2 -Wall -W   conftest.c -lcrypto  -lnsl -lm  >&5
/usr/bin/ld: cannot find -lcrypto: No such file or directory
collect2: error: ld returned 1 exit status
configure:3447: $? = 1
configure: failed program was:
| /* confdefs.h */
| #define PACKAGE_NAME "dlib"
| #define PACKAGE_TARNAME "dlib"
| #define PACKAGE_VERSION "1.0"
| #define PACKAGE_STRING "dlib 1.0"
| #define PACKAGE_BUGREPORT "<deanjones@cleancode.org>"
| #define PACKAGE_URL ""
| #define HAVE_LIBM 1
| #define HAVE_LIBNSL 1
| /* end confdefs.h.  */
| 
| /* Override any GCC internal prototype to avoid an error.
|    Use char because int might match the return type of a GCC
|    builtin and then its argument prototype would still apply.  */
| #ifdef __cplusplus
| extern "C"
| #endif
| char RAND_seed ();
| int
| main ()
| {
| return RAND_seed ();
|   ;
|   return 0;
| }
configure:3456: result: no
configure:3477: checking how to run the C preprocessor
configure:3508: gcc -E  conftest.c
configure:3508: $? = 0
configure:3522: gcc -E  conftest.c
conftest.c:11:10: fatal error: ac_nonexistent.h: No such file or directory
   11 | #include <ac_nonexistent.h>
      |          ^~~~~~~~~~~~~~~~~~
compilation terminated.
configure:3522: $? = 1
configure: failed program was:
| /* confdefs.h */
| #define PACKAGE_NAME "dlib"
| #define PACKAGE_TARNAME "dlib"
| #define PACKAGE_VERSION "1.0"
| #define PACKAGE_STRING "dlib 1.0"
| #define PACKAGE_BUGREPORT "<deanjones@cleancode.org>"
| #define PACKAGE_URL ""
| #define HAVE_LIBM 1
| #define HAVE_LIBNSL 1
| /* end confdefs.h.  */
| #include <ac_nonexistent.h>
configure:3547: result: gcc -E
configure:3567: gcc -E  conftest.c
configure:3567: $? = 0
configure:3581: gcc -E  conftest.c
conftest.c:11:10: fatal error: ac_nonexistent.h: No such file or directory
   11 | #include <ac_nonexistent.h>
      |          ^~~~~~~~~~~~~~~~~~
compilation terminated.
configure:3581: $? = 1
configure: failed program was:
| /* confdefs.h */
| #define PACKAGE_NAME "dlib"
| #define PACKAGE_TARNAME "dlib"
| #define PACKAGE_VERSION "1.0"
| #define PACKAGE_STRING "dlib 1.0"
| #define PACKAGE_BUGREPORT "<deanjones@cleancode.org>"
| #define PACKAGE_URL ""
| #define HAVE_LIBM 1
| #define HAVE_LIBNSL 1
| /* end confdefs.h.  */
| #include <ac_nonexistent.h>
configure:3610: checking for grep that handles long lines and -e
configure:3668: result: /usr/bin/grep
configure:3673: checking for egrep
configure:3735: result: /usr/bin/grep -E
configure:3740: checking for ANSI C header files
configure:3760: gcc -c -g -O2 -Wall -W  conftest.c >&5
configure:3760: $? = 0
configure:3833: gcc -o conftest -g -O2 -Wall -W   conftest.c -lnsl -lm  >&5
configure:3833: $? = 0
configure:3833: ./conftest
configure:3833: $? = 0
configure:3844: result: yes
configure:3852: checking for sys/wait.h that is POSIX.1 compatible
configure:3878: gcc -c -g -O2 -Wall -W  conftest.c >&5
configure:3878: $? = 0
configure:3885: result: yes
configure:3898: checking for sys/types.h
configure:3898: gcc -c -g -O2 -Wall -W  conftest.c >&5
configure:3898: $? = 0
configure:3898: result: yes
configure:3898: checking for sys/stat.h
configure:3898: gcc -c -g -O2 -Wall -W  conftest.c >&5
configure:3898: $? = 0
configure:3898: result: yes
configure:3898: checking for stdlib.h
configure:3898: gcc -c -g -O2 -Wall -W  conftest.c >&5
configure:3898: $? = 0
configure:3898: result: yes
configure:3898: checking for string.h
configure:3898: gcc -c -g -O2 -Wall -W  conftest.c >&5
configure:3898: $? = 0
configure:3898: result: yes
configure:3898: checking for memory.h
configure:3898: gcc -c -g -O2 -Wall -W  conftest.c >&5
configure:3898: $? = 0
configure:3898: result: yes
configure:3898: checking for strings.h
configure:3898: gcc -c -g -O2 -Wall -W  conftest.c >&5
configure:3898: $? = 0
configure:3898: result: yes
configure:3898: checking for inttypes.h
configure:3898: gcc -c -g -O2 -Wall -W  conftest.c >&5
configure:3898: $? = 0
configure:3898: result: yes
configure:3898: checking for stdint.h
configure:3898: gcc -c -g -O2 -Wall -W  conftest.c >&5
configure:3898: $? = 0
configure:3898: result: yes
configure:3898: checking for unistd.h
configure:3898: gcc -c -g -O2 -Wall -W  conftest.c >&5
configure:3898: $? = 0
configure:3898: result: yes
configure:3913: checking arpa/inet.h usability
configure:3913: gcc -c -g -O2 -Wall -W  conftest.c >&5
configure:3913: $? = 0
configure:3913: result: yes
configure:3913: checking arpa/inet.h presence
configure:3913: gcc -E  conftest.c
configure:3913: $? = 0
configure:3913: result: yes
configure:3913: checking for arpa/inet.h
configure:3913: result: yes
configure:3913: checking fcntl.h usability
configure:3913: gcc -c -g -O2 -Wall -W  conftest.c >&5
configure:3913: $? = 0
configure:3913: result: yes
configure:3913: checking fcntl.h presence
configure:3913: gcc -E  conftest.c
configure:3913: $? = 0
configure:3913: result: yes
configure:3913: checking for fcntl.h
configure:3913: result: yes
configure:3913: checking libintl.h usability
configure:3913: gcc -c -g -O2 -Wall -W  conftest.c >&5
configure:3913: $? = 0
configure:3913: result: yes
configure:3913: checking libintl.h presence
configure:3913: gcc -E  conftest.c
configure:3913: $? = 0
configure:3913: result: yes
configure:3913: checking for libintl.h
configure:3913: result: yes
configure:3913: checking netdb.h usability
configure:3913: gcc -c -g -O2 -Wall -W  conftest.c >&5
configure:3913: $? = 0
configure:3913: result: yes
configure:3913: checking netdb.h presence
configure:3913: gcc -E  conftest.c
configure:3913: $? = 0
configure:3913: result: yes
configure:3913: checking for netdb.h
configure:3913: result: yes
configure:3913: checking netinet/in.h usability
configure:3913: gcc -c -g -O2 -Wall -W  conftest.c >&5
configure:3913: $? = 0
configure:3913: result: yes
configure:3913: checking netinet/in.h presence
configure:3913: gcc -E  conftest.c
configure:3913: $? = 0
configure:3913: result: yes
configure:3913: checking for netinet/in.h
configure:3913: result: yes
configure:3913: checking for stdlib.h
configure:3913: result: yes
configure:3913: checking for string.h
configure:3913: result: yes
configure:3913: checking for strings.h
configure:3913: result: yes
configure:3913: checking sys/ioctl.h usability
configure:3913: gcc -c -g -O2 -Wall -W  conftest.c >&5
configure:3913: $? = 0
configure:3913: result: yes
configure:3913: checking sys/ioctl.h presence
configure:3913: gcc -E  conftest.c
configure:3913: $? = 0
configure:3913: result: yes
configure:3913: checking for sys/ioctl.h
configure:3913: result: yes
configure:3913: checking sys/socket.h usability
configure:3913: gcc -c -g -O2 -Wall -W  conftest.c >&5
configure:3913: $? = 0
configure:3913: result: yes
configure:3913: checking sys/socket.h presence
configure:3913: gcc -E  conftest.c
configure:3913: $? = 0
configure:3913: result: yes
configure:3913: checking for sys/socket.h
configure:3913: result: yes
configure:3913: checking sys/time.h usability
configure:3913: gcc -c -g -O2 -Wall -W  conftest.c >&5
configure:3913: $? = 0
configure:3913: result: yes
configure:3913: checking sys/time.h presence
configure:3913: gcc -E  conftest.c
configure:3913: $? = 0
configure:3913: result: yes
configure:3913: checking for sys/time.h
configure:3913: result: yes
configure:3913: checking termios.h usability
configure:3913: gcc -c -g -O2 -Wall -W  conftest.c >&5
configure:3913: $? = 0
configure:3913: result: yes
configure:3913: checking termios.h presence
configure:3913: gcc -E  conftest.c
configure:3913: $? = 0
configure:3913: result: yes
configure:3913: checking for termios.h
configure:3913: result: yes
configure:3913: checking for unistd.h
configure:3913: result: yes
configure:3925: checking whether time.h and sys/time.h may both be included
configure:3945: gcc -c -g -O2 -Wall -W  conftest.c >&5
configure:3945: $? = 0
configure:3952: result: yes
configure:3960: checking whether struct tm is in sys/time.h or time.h
configure:3980: gcc -c -g -O2 -Wall -W  conftest.c >&5
configure:3980: $? = 0
configure:3987: result: time.h
configure:3997: checking for pid_t
configure:3997: gcc -c -g -O2 -Wall -W  conftest.c >&5
configure:3997: $? = 0
configure:3997: gcc -c -g -O2 -Wall -W  conftest.c >&5
conftest.c: In function 'main':
conftest.c:72:20: error: expected expression before ')' token
   72 | if (sizeof ((pid_t)))
      |                    ^
configure:3997: $? = 1
configure: failed program was:
| /* confdefs.h */
| #define PACKAGE_NAME "dlib"
| #define PACKAGE_TARNAME "dlib"
| #define PACKAGE_VERSION "1.0"
| #define PACKAGE_STRING "dlib 1.0"
| #define PACKAGE_BUGREPORT "<deanjones@cleancode.org>"
| #define PACKAGE_URL ""
| #define HAVE_LIBM 1
| #define HAVE_LIBNSL 1
| #define STDC_HEADERS 1
| #define HAVE_SYS_WAIT_H 1
| #define HAVE_SYS_TYPES_H 1
| #define HAVE_SYS_STAT_H 1
| #define HAVE_STDLIB_H 1
| #define HAVE_STRING_H 1
| #define HAVE_MEMORY_H 1
| #define HAVE_STRINGS_H 1
| #define HAVE_INTTYPES_H 1
| #define HAVE_STDINT_H 1
| #define HAVE_UNISTD_H 1
| #define HAVE_ARPA_INET_H 1
| #define HAVE_FCNTL_H 1
| #define HAVE_LIBINTL_H 1
| #define HAVE_NETDB_H 1
| #define HAVE_NETINET_IN_H 1
| #define HAVE_STDLIB_H 1
| #define HAVE_STRING_H 1
| #define HAVE_STRINGS_H 1
| #define HAVE_SYS_IOCTL_H 1
| #define HAVE_SYS_SOCKET_H 1
| #define HAVE_SYS_TIME_H 1
| #define HAVE_TERMIOS_H 1
| #define HAVE_UNISTD_H 1
| #define TIME_WITH_SYS_TIME 1
| /* end confdefs.h.  */
| #include <stdio.h>
| #ifdef HAVE_SYS_TYPES_H
| # include <sys/types.h>
| #endif
| #ifdef HAVE_SYS_STAT_H
| # include <sys/stat.h>
| #endif
| #ifdef STDC_HEADERS
| # include <stdlib.h>
| # include <stddef.h>
| #else
| # ifdef HAVE_STDLIB_H
| #  include <stdlib.h>
| # endif
| #endif
| #ifdef HAVE_STRING_H
| # if !defined STDC_HEADERS && defined HAVE_MEMORY_H
| #  include <memory.h>
| # endif
| # include <string.h>
| #endif
| #ifdef HAVE_STRINGS_H
| # include <strings.h>
| #endif
| #ifdef HAVE_INTTYPES_H
| # include <inttypes.h>
| #endif
| #ifdef HAVE_STDINT_H
| # include <stdint.h>
| #endif
| #ifdef HAVE_UNISTD_H
| # include <unistd.h>
| #endif
| int
| main ()
| {
| if (sizeof ((pid_t)))
| 	    return 0;
|   ;
|   return 0;
| }
configure:3997: result: yes
configure:4010: checking vfork.h usability
configure:4010: gcc -c -g -O2 -Wall -W  conftest.c >&5
conftest.c:69:10: fatal error: vfork.h: No such file or directory
   69 | #include <vfork.h>
      |          ^~~~~~~~~
compilation terminated.
configure:4010: $? = 1
configure: failed program was:
| /* confdefs.h */
| #define PACKAGE_NAME "dlib"
| #define PACKAGE_TARNAME "dlib"
| #define PACKAGE_VERSION "1.0"
| #define PACKAGE_STRING "dlib 1.0"
| #define PACKAGE_BUGREPORT "<deanjones@cleancode.org>"
| #define PACKAGE_URL ""
| #define HAVE_LIBM 1
| #define HAVE_LIBNSL 1
| #define STDC_HEADERS 1
| #define HAVE_SYS_WAIT_H 1
| #define HAVE_SYS_TYPES_H 1
| #define HAVE_SYS_STAT_H 1
| #define HAVE_STDLIB_H 1
| #define HAVE_STRING_H 1
| #define HAVE_MEMORY_H 1
| #define HAVE_STRINGS_H 1
| #define HAVE_INTTYPES_H 1
| #define HAVE_STDINT_H 1
| #define HAVE_UNISTD_H 1
| #define HAVE_ARPA_INET_H 1
| #define HAVE_FCNTL_H 1
| #define HAVE_LIBINTL_H 1
| #define HAVE_NETDB_H 1
| #define HAVE_NETINET_IN_H 1
| #define HAVE_STDLIB_H 1
| #define HAVE_STRING_H 1
| #define HAVE_STRINGS_H 1
| #define HAVE_SYS_IOCTL_H 1
| #define HAVE_SYS_SOCKET_H 1
| #define HAVE_SYS_TIME_H 1
| #define HAVE_TERMIOS_H 1
| #define HAVE_UNISTD_H 1
| #define TIME_WITH_SYS_TIME 1
| /* end confdefs.h.  */
| #include <stdio.h>
| #ifdef HAVE_SYS_TYPES_H
| # include <sys/types.h>
| #endif
| #ifdef HAVE_SYS_STAT_H
| # include <sys/stat.h>
| #endif
| #ifdef STDC_HEADERS
| # include <stdlib.h>
| # include <stddef.h>
| #else
| # ifdef HAVE_STDLIB_H
| #  include <stdlib.h>
| # endif
| #endif
| #ifdef HAVE_STRING_H
| # if !defined STDC_HEADERS && defined HAVE_MEMORY_H
| #  include <memory.h>
| # endif
| # include <string.h>
| #endif
| #ifdef HAVE_STRINGS_H
| # include <strings.h>
| #endif
| #ifdef HAVE_INTTYPES_H
| # include <inttypes.h>
| #endif
| #ifdef HAVE_STDINT_H
| # include <stdint.h>
| #endif
| #ifdef HAVE_UNISTD_H
| # include <unistd.h>
| #endif
| #include <vfork.h>
configure:4010: result: no
configure:4010: checking vfork.h presence
configure:4010: gcc -E  conftest.c
conftest.c:36:10: fatal error: vfork.h: No such file or directory
   36 | #include <vfork.h>
      |          ^~~~~~~~~
compilation terminated.
configure:4010: $? = 1
configure: failed program was:
| /* confdefs.h */
| #define PACKAGE_NAME "dlib"
| #define PACKAGE_TARNAME "dlib"
| #define PACKAGE_VERSION "1.0"
| #define PACKAGE_STRING "dlib 1.0"
| #define PACKAGE_BUGREPORT "<deanjones@cleancode.org>"
| #define PACKAGE_URL ""
| #define HAVE_LIBM 1
| #define HAVE_LIBNSL 1
| #define STDC_HEADERS 1
| #define HAVE_SYS_WAIT_H 1
| #define HAVE_SYS_TYPES_H 1
| #define HAVE_SYS_STAT_H 1
| #define HAVE_STDLIB_H 1
| #define HAVE_STRING_H 1
| #define HAVE_MEMORY_H 1
| #define HAVE_STRINGS_H 1
| #define HAVE_INTTYPES_H 1
| #define HAVE_STDINT_H 1
| #define HAVE_UNISTD_H 1
| #define HAVE_ARPA_INET_H 1
| #define HAVE_FCNTL_H 1
| #define HAVE_LIBINTL_H 1
| #define HAVE_NETDB_H 1
| #define HAVE_NETINET_IN_H 1
| #define HAVE_STDLIB_H 1
| #define HAVE_STRING_H 1
| #define HAVE_STRINGS_H 1
| #define HAVE_SYS_IOCTL_H 1
| #define HAVE_SYS_SOCKET_H 1
| #define HAVE_SYS_TIME_H 1
| #define HAVE_TERMIOS_H 1
| #define HAVE_UNISTD_H 1
| #define TIME_WITH_SYS_TIME 1
| /* end confdefs.h.  */
| #include <vfork.h>
configure:4010: result: no
configure:4010: checking for vfork.h
configure:4010: result: no
configure:4023: checking for fork
configure:4023: gcc -o conftest -g -O2 -Wall -W   conftest.c -lnsl -lm  >&5
conftest.c:59:6: warning: conflicting types for built-in function 'fork'; expected 'int(void)' [-Wbuiltin-declaration-mismatch]
   59 | char fork ();
      |      ^~~~
configure:4023: $? = 0
configure:4023: result: yes
configure:4023: checking for vfork
configure:4023: gcc -o conftest -g -O2 -Wall -W   conftest.c -lnsl -lm  >&5
configure:4023: $? = 0
configure:4023: result: yes
configure:4033: checking for working fork
configure:4055: gcc -o conftest -g -O2 -Wall -W   conftest.c -lnsl -lm  >&5
configure:4055: $? = 0
configure:4055: ./conftest
configure:4055: $? = 0
configure:4065: result: yes
configure:4086: checking for working vfork
configure:4196: result: yes
configure:4222: checking whether gcc needs -traditional
configure:4256: result: no
configure:4265: checking for stdlib.h
configure:4265: result: yes
configure:4275: checking for GNU libc compatible malloc
configure:4299: gcc -o conftest -g -O2 -Wall -W   conftest.c -lnsl -lm  >&5
configure:4299: $? = 0
configure:4299: ./conftest
configure:4299: $? = 0
configure:4309: result: yes
configure:4332: checking for stdlib.h
configure:4332: result: yes
configure:4342: checking for GNU libc compatible realloc
configure:4366: gcc -o conftest -g -O2 -Wall -W   conftest.c -lnsl -lm  >&5
configure:4366: $? = 0
configure:4366: ./conftest
configure:4366: $? = 0
configure:4376: result: yes
configure:4397: checking return type of signal handlers
configure:4415: gcc -c -g -O2 -Wall -W  conftest.c >&5
conftest.c: In function 'main':
conftest.c:50:10: error: void value not ignored as it ought to be
   50 | return *(signal (0, 0)) (0) == 1;
      |         ~^~~~~~~~~~~~~~~~~~
configure:4415: $? = 1
configure: failed program was:
| /* confdefs.h */
| #define PACKAGE_NAME "dlib"
| #define PACKAGE_TARNAME "dlib"
| #define PACKAGE_VERSION "1.0"
| #define PACKAGE_STRING "dlib 1.0"
| #define PACKAGE_BUGREPORT "<deanjones@cleancode.org>"
| #define PACKAGE_URL ""
| #define HAVE_LIBM 1
| #define HAVE_LIBNSL 1
| #define STDC_HEADERS 1
| #define HAVE_SYS_WAIT_H 1
| #define HAVE_SYS_TYPES_H 1
| #define HAVE_SYS_STAT_H 1
| #define HAVE_STDLIB_H 1
| #define HAVE_STRING_H 1
| #define HAVE_MEMORY_H 1
| #define HAVE_STRINGS_H 1
| #define HAVE_INTTYPES_H 1
| #define HAVE_STDINT_H 1
| #define HAVE_UNISTD_H 1
| #define HAVE_ARPA_INET_H 1
| #define HAVE_FCNTL_H 1
| #define HAVE_LIBINTL_H 1
| #define HAVE_NETDB_H 1
| #define HAVE_NETINET_IN_H 1
| #define HAVE_STDLIB_H 1
| #define HAVE_STRING_H 1
| #define HAVE_STRINGS_H 1
| #define HAVE_SYS_IOCTL_H 1
| #define HAVE_SYS_SOCKET_H 1
| #define HAVE_SYS_TIME_H 1
| #define HAVE_TERMIOS_H 1
| #define HAVE_UNISTD_H 1
| #define TIME_WITH_SYS_TIME 1
| #define HAVE_FORK 1
| #define HAVE_VFORK 1
| #define HAVE_WORKING_VFORK 1
| #define HAVE_WORKING_FORK 1
| #define HAVE_STDLIB_H 1
| #define HAVE_MALLOC 1
| #define HAVE_STDLIB_H 1
| #define HAVE_REALLOC 1
| /* end confdefs.h.  */
| #include <sys/types.h>
| #include <signal.h>
| 
| int
| main ()
| {
| return *(signal (0, 0)) (0) == 1;
|   ;
|   return 0;
| }
configure:4422: result: void
configure:4430: checking whether lstat correctly handles trailing slash
configure:4456: gcc -o conftest -g -O2 -Wall -W   conftest.c -lnsl -lm  >&5
configure:4456: $? = 0
configure:4456: ./conftest
configure:4456: $? = 0
configure:4473: result: yes
configure:4492: checking whether stat accepts an empty string
configure:4512: gcc -o conftest -g -O2 -Wall -W   conftest.c -lnsl -lm  >&5
configure:4512: $? = 0
configure:4512: ./conftest
configure:4512: $? = 0
configure:4522: result: no
configure:4540: checking for strftime
configure:4540: gcc -o conftest -g -O2 -Wall -W   conftest.c -lnsl -lm  >&5
conftest.c:69:6: warning: conflicting types for built-in function 'strftime'; expected 'long unsigned int(char *, long unsigned int,  const char *, const void *)' [-Wbuiltin-declaration-mismatch]
   69 | char strftime ();
      |      ^~~~~~~~
conftest.c:57:1: note: 'strftime' is declared in header '<time.h>'
   56 | # include <limits.h>
   57 | #else
configure:4540: $? = 0
configure:4540: result: yes
configure:4595: checking for vprintf
configure:4595: gcc -o conftest -g -O2 -Wall -W   conftest.c -lnsl -lm  >&5
conftest.c:70:6: warning: conflicting types for built-in function 'vprintf'; expected 'int(const char *, __va_list)' [-Wbuiltin-declaration-mismatch]
   70 | char vprintf ();
      |      ^~~~~~~
conftest.c:58:1: note: 'vprintf' is declared in header '<stdio.h>'
   57 | # include <limits.h>
   58 | #else
configure:4595: $? = 0
configure:4595: result: yes
configure:4601: checking for _doprnt
configure:4601: gcc -o conftest -g -O2 -Wall -W   conftest.c -lnsl -lm  >&5
/usr/bin/ld: /tmp/ccVxrBmA.o: in function `main':
/home/machaddr/Labs/Falanet/dlib/conftest.c:82: undefined reference to `_doprnt'
collect2: error: ld returned 1 exit status
configure:4601: $? = 1
configure: failed program was:
| /* confdefs.h */
| #define PACKAGE_NAME "dlib"
| #define PACKAGE_TARNAME "dlib"
| #define PACKAGE_VERSION "1.0"
| #define PACKAGE_STRING "dlib 1.0"
| #define PACKAGE_BUGREPORT "<deanjones@cleancode.org>"
| #define PACKAGE_URL ""
| #define HAVE_LIBM 1
| #define HAVE_LIBNSL 1
| #define STDC_HEADERS 1
| #define HAVE_SYS_WAIT_H 1
| #define HAVE_SYS_TYPES_H 1
| #define HAVE_SYS_STAT_H 1
| #define HAVE_STDLIB_H 1
| #define HAVE_STRING_H 1
| #define HAVE_MEMORY_H 1
| #define HAVE_STRINGS_H 1
| #define HAVE_INTTYPES_H 1
| #define HAVE_STDINT_H 1
| #define HAVE_UNISTD_H 1
| #define HAVE_ARPA_INET_H 1
| #define HAVE_FCNTL_H 1
| #define HAVE_LIBINTL_H 1
| #define HAVE_NETDB_H 1
| #define HAVE_NETINET_IN_H 1
| #define HAVE_STDLIB_H 1
| #define HAVE_STRING_H 1
| #define HAVE_STRINGS_H 1
| #define HAVE_SYS_IOCTL_H 1
| #define HAVE_SYS_SOCKET_H 1
| #define HAVE_SYS_TIME_H 1
| #define HAVE_TERMIOS_H 1
| #define HAVE_UNISTD_H 1
| #define TIME_WITH_SYS_TIME 1
| #define HAVE_FORK 1
| #define HAVE_VFORK 1
| #define HAVE_WORKING_VFORK 1
| #define HAVE_WORKING_FORK 1
| #define HAVE_STDLIB_H 1
| #define HAVE_MALLOC 1
| #define HAVE_STDLIB_H 1
| #define HAVE_REALLOC 1
| #define RETSIGTYPE void
| #define LSTAT_FOLLOWS_SLASHED_SYMLINK 1
| #define HAVE_STRFTIME 1
| #define HAVE_VPRINTF 1
| /* end confdefs.h.  */
| /* Define _doprnt to an innocuous variant, in case <limits.h> declares _doprnt.
|    For example, HP-UX 11i <limits.h> declares gettimeofday.  */
| #define _doprnt innocuous__doprnt
| 
| /* System header to define __stub macros and hopefully few prototypes,
|     which can conflict with char _doprnt (); below.
|     Prefer <limits.h> to <assert.h> if __STDC__ is defined, since
|     <limits.h> exists even on freestanding compilers.  */
| 
| #ifdef __STDC__
| # include <limits.h>
| #else
| # include <assert.h>
| #endif
| 
| #undef _doprnt
| 
| /* Override any GCC internal prototype to avoid an error.
|    Use char because int might match the return type of a GCC
|    builtin and then its argument prototype would still apply.  */
| #ifdef __cplusplus
| extern "C"
| #endif
| char _doprnt ();
| /* The GNU C library defines this for functions which it implements
|     to always fail with ENOSYS.  Some functions are actually named
|     something starting with __ and the normal name is an alias.  */
| #if defined __stub__doprnt || defined __stub____doprnt
| choke me
| #endif
| 
| int
| main ()
| {
| return _doprnt ();
|   ;
|   return 0;
| }
configure:4601: result: no
configure:4615: checking for gethostbyname
configure:4615: gcc -o conftest -g -O2 -Wall -W   conftest.c -lnsl -lm  >&5
configure:4615: $? = 0
configure:4615: result: yes
configure:4615: checking for gethostname
configure:4615: gcc -o conftest -g -O2 -Wall -W   conftest.c -lnsl -lm  >&5
configure:4615: $? = 0
configure:4615: result: yes
configure:4615: checking for getpass
configure:4615: gcc -o conftest -g -O2 -Wall -W   conftest.c -lnsl -lm  >&5
configure:4615: $? = 0
configure:4615: result: yes
configure:4615: checking for gettimeofday
configure:4615: gcc -o conftest -g -O2 -Wall -W   conftest.c -lnsl -lm  >&5
configure:4615: $? = 0
configure:4615: result: yes
configure:4615: checking for memset
configure:4615: gcc -o conftest -g -O2 -Wall -W   conftest.c -lnsl -lm  >&5
conftest.c:75:6: warning: conflicting types for built-in function 'memset'; expected 'void *(void *, int,  long unsigned int)' [-Wbuiltin-declaration-mismatch]
   75 | char memset ();
      |      ^~~~~~
conftest.c:63:1: note: 'memset' is declared in header '<string.h>'
   62 | # include <limits.h>
   63 | #else
configure:4615: $? = 0
configure:4615: result: yes
configure:4615: checking for putenv
configure:4615: gcc -o conftest -g -O2 -Wall -W   conftest.c -lnsl -lm  >&5
configure:4615: $? = 0
configure:4615: result: yes
configure:4615: checking for socket
configure:4615: gcc -o conftest -g -O2 -Wall -W   conftest.c -lnsl -lm  >&5
configure:4615: $? = 0
configure:4615: result: yes
configure:4615: checking for sqrt
configure:4615: gcc -o conftest -g -O2 -Wall -W   conftest.c -lnsl -lm  >&5
conftest.c:78:6: warning: conflicting types for built-in function 'sqrt'; expected 'double(double)' [-Wbuiltin-declaration-mismatch]
   78 | char sqrt ();
      |      ^~~~
conftest.c:66:1: note: 'sqrt' is declared in header '<math.h>'
   65 | # include <limits.h>
   66 | #else
configure:4615: $? = 0
configure:4615: result: yes
configure:4615: checking for strcasecmp
configure:4615: gcc -o conftest -g -O2 -Wall -W   conftest.c -lnsl -lm  >&5
conftest.c:79:6: warning: conflicting types for built-in function 'strcasecmp'; expected 'int(const char *, const char *)' [-Wbuiltin-declaration-mismatch]
   79 | char strcasecmp ();
      |      ^~~~~~~~~~
configure:4615: $? = 0
configure:4615: result: yes
configure:4615: checking for strchr
configure:4615: gcc -o conftest -g -O2 -Wall -W   conftest.c -lnsl -lm  >&5
conftest.c:80:6: warning: conflicting types for built-in function 'strchr'; expected 'char *(const char *, int)' [-Wbuiltin-declaration-mismatch]
   80 | char strchr ();
      |      ^~~~~~
conftest.c:68:1: note: 'strchr' is declared in header '<string.h>'
   67 | # include <limits.h>
   68 | #else
configure:4615: $? = 0
configure:4615: result: yes
configure:4615: checking for strerror
configure:4615: gcc -o conftest -g -O2 -Wall -W   conftest.c -lnsl -lm  >&5
configure:4615: $? = 0
configure:4615: result: yes
configure:4615: checking for strrchr
configure:4615: gcc -o conftest -g -O2 -Wall -W   conftest.c -lnsl -lm  >&5
conftest.c:82:6: warning: conflicting types for built-in function 'strrchr'; expected 'char *(const char *, int)' [-Wbuiltin-declaration-mismatch]
   82 | char strrchr ();
      |      ^~~~~~~
conftest.c:70:1: note: 'strrchr' is declared in header '<string.h>'
   69 | # include <limits.h>
   70 | #else
configure:4615: $? = 0
configure:4615: result: yes
configure:4615: checking for uname
configure:4615: gcc -o conftest -g -O2 -Wall -W   conftest.c -lnsl -lm  >&5
configure:4615: $? = 0
configure:4615: result: yes
configure:4735: creating ./config.status

## ---------------------- ##
## Running config.status. ##
## ---------------------- ##

This file was extended by dlib config.status 1.0, which was
generated by GNU Autoconf 2.69.  Invocation command line was

  CONFIG_FILES    = 
  CONFIG_HEADERS  = 
  CONFIG_LINKS    = 
  CONFIG_COMMANDS = 
  $ ./config.status 

on raspberrypi

config.status:840: creating Makefile
config.status:840: creating include/config.h
config.status:1010: include/config.h is unchanged

## ---------------- ##
## Cache variables. ##
## ---------------- ##

ac_cv_c_compiler_gnu=yes
ac_cv_env_CC_set=
ac_cv_env_CC_value=
ac_cv_env_CFLAGS_set=
ac_cv_env_CFLAGS_value=
ac_cv_env_CPPFLAGS_set=
ac_cv_env_CPPFLAGS_value=
ac_cv_env_CPP_set=
ac_cv_env_CPP_value=
ac_cv_env_LDFLAGS_set=
ac_cv_env_LDFLAGS_value=
ac_cv_env_LIBS_set=
ac_cv_env_LIBS_value=
ac_cv_env_build_alias_set=
ac_cv_env_build_alias_value=
ac_cv_env_host_alias_set=set
ac_cv_env_host_alias_value=
ac_cv_env_target_alias_set=
ac_cv_env_target_alias_value=
ac_cv_func__doprnt=no
ac_cv_func_fork=yes
ac_cv_func_fork_works=yes
ac_cv_func_gethostbyname=yes
ac_cv_func_gethostname=yes
ac_cv_func_getpass=yes
ac_cv_func_gettimeofday=yes
ac_cv_func_lstat_dereferences_slashed_symlink=yes
ac_cv_func_malloc_0_nonnull=yes
ac_cv_func_memset=yes
ac_cv_func_putenv=yes
ac_cv_func_realloc_0_nonnull=yes
ac_cv_func_socket=yes
ac_cv_func_sqrt=yes
ac_cv_func_stat_empty_string_bug=no
ac_cv_func_strcasecmp=yes
ac_cv_func_strchr=yes
ac_cv_func_strerror=yes
ac_cv_func_strftime=yes
ac_cv_func_strrchr=yes
ac_cv_func_uname=yes
ac_cv_func_vfork=yes
ac_cv_func_vfork_works=yes
ac_cv_func_vprintf=yes
ac_cv_header_arpa_inet_h=yes
ac_cv_header_fcntl_h=yes
ac_cv_header_inttypes_h=yes
ac_cv_header_libintl_h=yes
ac_cv_header_memory_h=yes
ac_cv_header_netdb_h=yes
ac_cv_header_netinet_in_h=yes
ac_cv_header_stdc=yes
ac_cv_header_stdint_h=yes
ac_cv_header_stdlib_h=yes
ac_cv_header_string_h=yes
ac_cv_header_strings_h=yes
ac_cv_header_sys_ioctl_h=yes
ac_cv_header_sys_socket_h=yes
ac_cv_header_sys_stat_h=yes
ac_cv_header_sys_time_h=yes
ac_cv_header_sys_types_h=yes
ac_cv_header_sys_wait_h=yes
ac_cv_header_termios_h=yes
ac_cv_header_time=yes
ac_cv_header_unistd_h=yes
ac_cv_header_vfork_h=no
ac_cv_lib_crypto_RAND_seed=no
ac_cv_lib_crypto_X509_free=no
ac_cv_lib_m_sqrt=yes
ac_cv_lib_nsl_gethostbyname=yes
ac_cv_lib_socket_socket=no
ac_cv_lib_ssl_SSL_CTX_new=no
ac_cv_objext=o
ac_cv_path_EGREP='/usr/bin/grep -E'
ac_cv_path_GREP=/usr/bin/grep
ac_cv_prog_CPP='gcc -E'
ac_cv_prog_ac_ct_CC=gcc
ac_cv_prog_cc_c89=
ac_cv_prog_cc_g=yes
ac_cv_prog_gcc_traditional=no
ac_cv_prog_make_make_set=yes
ac_cv_struct_tm=time.h
ac_cv_sys_file_offset_bits=no
ac_cv_sys_largefile_CC=no
ac_cv_type_pid_t=yes
ac_cv_type_signal=void

## ----------------- ##
## Output variables. ##
## ----------------- ##

CC='gcc'
CFLAGS='-g -O2 -Wall -W -I/home/machaddr/Labs/Falanet/dlib -I/home/machaddr/Labs/Falanet/dlib/src -I/home/machaddr/Labs/Falanet/dlib/include -I../include '
CPP='gcc -E'
CPPFLAGS=''
DEFS='-DHAVE_CONFIG_H'
ECHO_C=''
ECHO_N='-n'
ECHO_T=''
EGREP='/usr/bin/grep -E'
EXEEXT=''
GREP='/usr/bin/grep'
LDFLAGS=''
LIBOBJS=''
LIBS='-lnsl -lm '
LTLIBOBJS=''
OBJEXT='o'
PACKAGE_BUGREPORT='<deanjones@cleancode.org>'
PACKAGE_NAME='dlib'
PACKAGE_STRING='dlib 1.0'
PACKAGE_TARNAME='dlib'
PACKAGE_URL=''
PACKAGE_VERSION='1.0'
PATH_SEPARATOR=':'
SET_MAKE=''
SHELL='/bin/bash'
ac_ct_CC='gcc'
bindir='${exec_prefix}/bin'
build_alias=''
datadir='${datarootdir}'
datarootdir='${prefix}/share'
docdir='${datarootdir}/doc/${PACKAGE_TARNAME}'
dvidir='${docdir}'
exec_prefix='${prefix}'
host_alias=''
htmldir='${docdir}'
includedir='${prefix}/include'
infodir='${datarootdir}/info'
libdir='${exec_prefix}/lib'
libexecdir='${exec_prefix}/libexec'
localedir='${datarootdir}/locale'
localstatedir='${prefix}/var'
mandir='${datarootdir}/man'
oldincludedir='/usr/include'
pdfdir='${docdir}'
prefix='/usr/local'
program_transform_name='s,x,x,'
psdir='${docdir}'
sbindir='${exec_prefix}/sbin'
sharedstatedir='${prefix}/com'
sysconfdir='${prefix}/etc'
target_alias=''

## ----------- ##
## confdefs.h. ##
## ----------- ##

/* confdefs.h */
#define PACKAGE_NAME "dlib"
#define PACKAGE_TARNAME "dlib"
#define PACKAGE_VERSION "1.0"
#define PACKAGE_STRING "dlib 1.0"
#define PACKAGE_BUGREPORT "<deanjones@cleancode.org>"
#define PACKAGE_URL ""
#define HAVE_LIBM 1
#define HAVE_LIBNSL 1
#define STDC_HEADERS 1
#define HAVE_SYS_WAIT_H 1
#define HAVE_SYS_TYPES_H 1
#define HAVE_SYS_STAT_H 1
#define HAVE_STDLIB_H 1
#define HAVE_STRING_H 1
#define HAVE_MEMORY_H 1
#define HAVE_STRINGS_H 1
#define HAVE_INTTYPES_H 1
#define HAVE_STDINT_H 1
#define HAVE_UNISTD_H 1
#define HAVE_ARPA_INET_H 1
#define HAVE_FCNTL_H 1
#define HAVE_LIBINTL_H 1
#define HAVE_NETDB_H 1
#define HAVE_NETINET_IN_H 1
#define HAVE_STDLIB_H 1
#define HAVE_STRING_H 1
#define HAVE_STRINGS_H 1
#define HAVE_SYS_IOCTL_H 1
#define HAVE_SYS_SOCKET_H 1
#define HAVE_SYS_TIME_H 1
#define HAVE_TERMIOS_H 1
#define HAVE_UNISTD_H 1
#define TIME_WITH_SYS_TIME 1
#define HAVE_FORK 1
#define HAVE_VFORK 1
#define HAVE_WORKING_VFORK 1
#define HAVE_WORKING_FORK 1
#define HAVE_STDLIB_H 1
#define HAVE_MALLOC 1
#define HAVE_STDLIB_H 1
#define HAVE_REALLOC 1
#define RETSIGTYPE void
#define LSTAT_FOLLOWS_SLASHED_SYMLINK 1
#define HAVE_STRFTIME 1
#define HAVE_VPRINTF 1
#define HAVE_GETHOSTBYNAME 1
#define HAVE_GETHOSTNAME 1
#define HAVE_GETPASS 1
#define HAVE_GETTIMEOFDAY 1
#define HAVE_MEMSET 1
#define HAVE_PUTENV 1
#define HAVE_SOCKET 1
#define HAVE_SQRT 1
#define HAVE_STRCASECMP 1
#define HAVE_STRCHR 1
#define HAVE_STRERROR 1
#define HAVE_STRRCHR 1
#define HAVE_UNAME 1

configure: exit 0
